<?xml version="1.0" encoding="UTF-8"?>
<!-- Generated by org.testng.reporters.JUnitReportReporter -->
<testsuite hostname="PIC4580" failures="0" tests="1" name="com.automation.MobileTestAutomation.tests.AddToCartTest" time="7.594" errors="0" timestamp="2024-07-04T14:48:35 IST" skipped="0">
  <testcase classname="com.automation.MobileTestAutomation.tests.AddToCartTest" name="testTrigger" time="7.594"/>
</testsuite> <!-- com.automation.MobileTestAutomation.tests.AddToCartTest -->
