<?xml version="1.0" encoding="UTF-8"?>
<!-- Generated by org.testng.reporters.JUnitXMLReporter -->
<testsuite ignored="0" hostname="PIC4580" failures="0" tests="1" name="Test-0" time="7.698" errors="0" timestamp="2024-07-04T14:48:35 IST">
  <testcase classname="com.automation.MobileTestAutomation.tests.AddToCartTest" name="testTrigger" time="7.594"/>
</testsuite> <!-- Test-0 -->
